<?xml version="1.0" encoding="UTF-8"?>
<!-- Generated by org.testng.reporters.JUnitReportReporter -->
<testsuite hostname="DESKTOP-6OG82GQ" failures="0" tests="1" name="example.NewTest" time="11.885" errors="0" timestamp="2021-06-14T11:53:14 IST" skipped="0">
  <testcase classname="example.NewTest" name="testEasy" time="11.885"/>
  <system-out/>
</testsuite> <!-- example.NewTest -->
