<?xml version="1.0" encoding="UTF-8"?>
<!-- Generated by org.testng.reporters.JUnitReportReporter -->
<testsuite hostname="DESKTOP-6OG82GQ" failures="0" tests="1" name="example.NewTest" time="10.157" errors="0" timestamp="15 Jun 2021 07:31:03 GMT">
  <testcase classname="example.NewTest" name="testEasy" time="10.157"/>
</testsuite> <!-- example.NewTest -->
